1500500973039	geckodriver	INFO	Listening on 127.0.0.1:62796
1500500974197	geckodriver::marionette	INFO	Starting browser /Applications/Firefox.app/Contents/MacOS/firefox-bin with args ["-marionette"]
1500500976052	Marionette	INFO	Listening on port 62807
1500500976153	Marionette	WARN	TLS certificate errors will be ignored for this session
1500500976319	Marionette	DEBUG	loaded listener.js
1500500976340	Marionette	DEBUG	Received DOM event "beforeunload" for "about:blank"
2017-07-19 16:49:36.378 plugin-container[59595:786493] *** CFMessagePort: bootstrap_register(): failed 1100 (0x44c) 'Permission denied', port = 0x9d3b, name = 'com.apple.tsm.portname'
See /usr/include/servers/bootstrap_defs.h for the error codes.
2017-07-19 16:49:36.380 plugin-container[59595:786493] *** CFMessagePort: bootstrap_register(): failed 1100 (0x44c) 'Permission denied', port = 0xa003, name = 'com.apple.CFPasteboardClient'
See /usr/include/servers/bootstrap_defs.h for the error codes.
1500500977015	Marionette	DEBUG	Received DOM event "pagehide" for "about:blank"
1500500977015	Marionette	DEBUG	Received DOM event "unload" for "about:blank"
1500500977468	Marionette	DEBUG	Received DOM event "DOMContentLoaded" for "http://www.seleniumhq.org/"
1500500977755	Marionette	DEBUG	Received DOM event "pageshow" for "http://www.seleniumhq.org/"
*************************
A coding exception was thrown and uncaught in a Task.

Full message: TypeError: NetworkError when attempting to fetch resource.
Full stack: 
*************************
1500565601830	Marionette	INFO	Ceased listening
